2014-12-17 22:01:27,182 INFO  [org.springframework.web.context.ContextLoader:285] Root WebApplicationContext: initialization started
2014-12-17 22:01:27,245 INFO  [org.springframework.web.context.support.XmlWebApplicationContext:510] Refreshing Root WebApplicationContext: startup date [Wed Dec 17 22:01:27 CST 2014]; root of context hierarchy
2014-12-17 22:01:27,271 INFO  [org.springframework.beans.factory.xml.XmlBeanDefinitionReader:317] Loading XML bean definitions from class path resource [spring/business-config.xml]
2014-12-17 22:01:27,460 INFO  [org.springframework.beans.factory.xml.XmlBeanDefinitionReader:317] Loading XML bean definitions from class path resource [spring/datasource-config.xml]
2014-12-17 22:01:27,569 INFO  [org.springframework.beans.factory.xml.XmlBeanDefinitionReader:317] Loading XML bean definitions from class path resource [spring/tools-config.xml]
2014-12-17 22:01:27,681 INFO  [org.springframework.beans.factory.config.PropertyPlaceholderConfigurer:172] Loading properties file from class path resource [spring/data-access.properties]
2014-12-17 22:01:27,708 INFO  [org.springframework.beans.factory.annotation.AutowiredAnnotationBeanPostProcessor:153] JSR-330 'javax.inject.Inject' annotation found and supported for autowiring
2014-12-17 22:01:28,217 WARN  [org.springframework.data.mongodb.core.mapping.BasicMongoPersistentProperty:85] Customizing field name for id property not allowed! Custom name will not be considered!
2014-12-17 22:01:28,235 INFO  [org.springframework.web.context.ContextLoader:325] Root WebApplicationContext: initialization completed in 1050 ms
2014-12-17 22:01:28,289 INFO  [org.springframework.web.servlet.DispatcherServlet:484] FrameworkServlet 'SevenUp': initialization started
2014-12-17 22:01:28,292 INFO  [org.springframework.web.context.support.XmlWebApplicationContext:510] Refreshing WebApplicationContext for namespace 'SevenUp-servlet': startup date [Wed Dec 17 22:01:28 CST 2014]; parent: Root WebApplicationContext
2014-12-17 22:01:28,293 INFO  [org.springframework.beans.factory.xml.XmlBeanDefinitionReader:317] Loading XML bean definitions from class path resource [spring/mvc-core-config.xml]
2014-12-17 22:01:28,323 INFO  [org.springframework.beans.factory.xml.XmlBeanDefinitionReader:317] Loading XML bean definitions from class path resource [spring/mvc-view-config.xml]
2014-12-17 22:01:28,478 INFO  [org.springframework.beans.factory.annotation.AutowiredAnnotationBeanPostProcessor:153] JSR-330 'javax.inject.Inject' annotation found and supported for autowiring
2014-12-17 22:01:28,636 INFO  [org.springframework.web.servlet.mvc.method.annotation.RequestMappingHandlerMapping:220] Mapped "{[/sevenup/user],methods=[GET],params=[],headers=[],consumes=[],produces=[],custom=[]}" onto public org.springframework.http.ResponseEntity<java.util.List<org.sevenup.domain.user.User>> org.sevenup.rest.controller.InitializeController.initialUser()
2014-12-17 22:01:28,636 INFO  [org.springframework.web.servlet.mvc.method.annotation.RequestMappingHandlerMapping:220] Mapped "{[/sevenup/memo],methods=[GET],params=[],headers=[],consumes=[],produces=[],custom=[]}" onto public org.springframework.http.ResponseEntity<java.util.List<org.sevenup.domain.memo.Memo>> org.sevenup.rest.controller.InitializeController.initialMemo()
2014-12-17 22:01:28,639 INFO  [org.springframework.web.servlet.mvc.method.annotation.RequestMappingHandlerMapping:220] Mapped "{[/memo],methods=[GET],params=[],headers=[],consumes=[],produces=[],custom=[]}" onto public org.springframework.http.ResponseEntity<org.springframework.data.domain.Page> org.sevenup.rest.controller.memo.MemoController.getMemo(org.springframework.data.domain.Pageable,org.springframework.data.domain.Sort)
2014-12-17 22:01:28,639 INFO  [org.springframework.web.servlet.mvc.method.annotation.RequestMappingHandlerMapping:220] Mapped "{[/memo],methods=[POST],params=[],headers=[],consumes=[],produces=[],custom=[]}" onto public org.springframework.http.ResponseEntity<org.sevenup.domain.memo.Memo> org.sevenup.rest.controller.memo.MemoController.createMemo(org.sevenup.domain.memo.Memo,org.springframework.web.util.UriComponentsBuilder)
2014-12-17 22:01:28,640 INFO  [org.springframework.web.servlet.mvc.method.annotation.RequestMappingHandlerMapping:220] Mapped "{[/memo/number],methods=[GET],params=[],headers=[],consumes=[],produces=[],custom=[]}" onto public org.springframework.http.ResponseEntity<org.springframework.hateoas.PagedResources<org.sevenup.domain.memo.Memo>> org.sevenup.rest.controller.memo.MemoController.findMemos(org.springframework.data.domain.Pageable,org.springframework.data.web.PagedResourcesAssembler)
2014-12-17 22:01:28,641 INFO  [org.springframework.web.servlet.mvc.method.annotation.RequestMappingHandlerMapping:220] Mapped "{[/user],methods=[GET],params=[],headers=[],consumes=[],produces=[],custom=[]}" onto public org.springframework.http.ResponseEntity<java.util.List<org.sevenup.domain.user.User>> org.sevenup.rest.controller.user.UserController.getUsers()
2014-12-17 22:01:28,642 INFO  [org.springframework.web.servlet.mvc.method.annotation.RequestMappingHandlerMapping:220] Mapped "{[/user/signIn],methods=[POST],params=[],headers=[],consumes=[],produces=[],custom=[]}" onto public boolean org.sevenup.rest.controller.user.UserController.signIn(org.sevenup.domain.user.User)
2014-12-17 22:01:28,642 INFO  [org.springframework.web.servlet.mvc.method.annotation.RequestMappingHandlerMapping:220] Mapped "{[/user/{id}],methods=[GET],params=[],headers=[],consumes=[],produces=[],custom=[]}" onto public org.springframework.http.ResponseEntity<org.sevenup.domain.user.User> org.sevenup.rest.controller.user.UserController.viewUser(java.lang.String)
2014-12-17 22:01:28,642 INFO  [org.springframework.web.servlet.mvc.method.annotation.RequestMappingHandlerMapping:220] Mapped "{[/user/signUp],methods=[POST],params=[],headers=[],consumes=[],produces=[],custom=[]}" onto public org.springframework.http.ResponseEntity<org.sevenup.domain.user.User> org.sevenup.rest.controller.user.UserController.signUp(org.sevenup.domain.user.User)
2014-12-17 22:01:28,643 INFO  [org.springframework.web.servlet.mvc.method.annotation.RequestMappingHandlerMapping:220] Mapped "{[/user],methods=[POST],params=[],headers=[],consumes=[],produces=[],custom=[]}" onto public org.springframework.http.ResponseEntity<org.sevenup.domain.user.User> org.sevenup.rest.controller.user.UserController.createUser(org.sevenup.domain.user.User,org.springframework.web.util.UriComponentsBuilder)
2014-12-17 22:01:28,643 INFO  [org.springframework.web.servlet.mvc.method.annotation.RequestMappingHandlerMapping:220] Mapped "{[/user],methods=[PUT],params=[],headers=[],consumes=[],produces=[],custom=[]}" onto public org.springframework.http.ResponseEntity<org.sevenup.domain.user.User> org.sevenup.rest.controller.user.UserController.updateUser(org.sevenup.domain.user.User)
2014-12-17 22:01:28,643 INFO  [org.springframework.web.servlet.mvc.method.annotation.RequestMappingHandlerMapping:220] Mapped "{[/user/{id}],methods=[DELETE],params=[],headers=[],consumes=[],produces=[],custom=[]}" onto public org.springframework.http.ResponseEntity<org.sevenup.domain.user.User> org.sevenup.rest.controller.user.UserController.deleteUser(java.lang.String)
2014-12-17 22:01:28,921 INFO  [org.springframework.web.servlet.mvc.method.annotation.RequestMappingHandlerAdapter:518] Looking for @ControllerAdvice: WebApplicationContext for namespace 'SevenUp-servlet': startup date [Wed Dec 17 22:01:28 CST 2014]; parent: Root WebApplicationContext
2014-12-17 22:01:28,956 INFO  [org.springframework.web.servlet.mvc.method.annotation.RequestMappingHandlerAdapter:518] Looking for @ControllerAdvice: WebApplicationContext for namespace 'SevenUp-servlet': startup date [Wed Dec 17 22:01:28 CST 2014]; parent: Root WebApplicationContext
2014-12-17 22:01:29,046 INFO  [org.springframework.web.servlet.handler.SimpleUrlHandlerMapping:314] Mapped URL path [/resources/**] onto handler 'org.springframework.web.servlet.resource.ResourceHttpRequestHandler#0'
2014-12-17 22:01:29,049 INFO  [org.springframework.web.servlet.handler.SimpleUrlHandlerMapping:314] Mapped URL path [/webjars/**] onto handler 'org.springframework.web.servlet.resource.ResourceHttpRequestHandler#1'
2014-12-17 22:01:29,059 INFO  [org.springframework.web.servlet.handler.SimpleUrlHandlerMapping:301] Root mapping to handler of type [class org.springframework.web.servlet.mvc.ParameterizableViewController]
2014-12-17 22:01:29,065 INFO  [org.springframework.web.servlet.handler.SimpleUrlHandlerMapping:314] Mapped URL path [/**] onto handler 'org.springframework.web.servlet.resource.DefaultServletHttpRequestHandler#0'
2014-12-17 22:01:29,156 INFO  [org.springframework.web.servlet.DispatcherServlet:503] FrameworkServlet 'SevenUp': initialization completed in 866 ms
